<?xml version="1.0" encoding="UTF-8"?>
<testng-results skipped="0" failed="0" ignored="0" total="1" passed="1">
  <reporter-output>
  </reporter-output>
  <suite name="Default suite" duration-ms="109" started-at="2019-02-06T11:57:11Z" finished-at="2019-02-06T11:57:11Z">
    <groups>
    </groups>
    <test name="Default test" duration-ms="109" started-at="2019-02-06T11:57:11Z" finished-at="2019-02-06T11:57:11Z">
      <class name="com.qainfotech.mavenpro.TestConsecutiveletters">
        <test-method status="PASS" signature="testApp()[pri:0, instance:com.qainfotech.mavenpro.TestConsecutiveletters@7f9a81e8]" name="testApp" duration-ms="42" started-at="2019-02-06T11:57:11Z" finished-at="2019-02-06T11:57:11Z">
          <reporter-output>
          </reporter-output>
        </test-method> <!-- testApp -->
      </class> <!-- com.qainfotech.mavenpro.TestConsecutiveletters -->
    </test> <!-- Default test -->
  </suite> <!-- Default suite -->
</testng-results>
